2022-01-29 15:31:07,270:INFO:Initializing load_model()
2022-01-29 15:31:07,270:INFO:load_model(model_name=model, platform=None, authentication=None, verbose=True)
2022-01-29 15:31:12,360:INFO:Initializing load_model()
2022-01-29 15:31:12,361:INFO:load_model(model_name=model, platform=None, authentication=None, verbose=True)
2022-01-29 15:31:17,416:INFO:Initializing load_model()
2022-01-29 15:31:17,417:INFO:load_model(model_name=model, platform=None, authentication=None, verbose=True)
2022-01-29 15:31:21,766:INFO:Initializing load_model()
2022-01-29 15:31:21,767:INFO:load_model(model_name=model, platform=None, authentication=None, verbose=True)
2022-01-29 15:31:47,625:INFO:Initializing load_model()
2022-01-29 15:31:47,625:INFO:load_model(model_name=model, platform=None, authentication=None, verbose=True)
2022-01-29 15:31:51,797:INFO:Initializing load_model()
2022-01-29 15:31:51,798:INFO:load_model(model_name=model, platform=None, authentication=None, verbose=True)
2022-01-29 15:32:34,671:INFO:Initializing load_model()
2022-01-29 15:32:34,672:INFO:load_model(model_name=model, platform=None, authentication=None, verbose=True)
2022-01-29 15:32:40,039:INFO:Initializing load_model()
2022-01-29 15:32:40,039:INFO:load_model(model_name=model, platform=None, authentication=None, verbose=True)
2022-01-29 15:32:40,158:INFO:Initializing predict_model()
2022-01-29 15:32:40,158:INFO:predict_model(estimator=Pipeline(steps=[('dtypes',
                 DataTypes_Auto_infer(ml_usecase='classification',
                                      target='inativo')),
                ('imputer',
                 Simple_Imputer(categorical_strategy='not_available',
                                fill_value_categorical=None,
                                fill_value_numerical=None,
                                numeric_strategy='mean',
                                target_variable=None)),
                ('new_levels1',
                 New_Catagorical_Levels_in_TestData(replacement_strategy='least '
                                                                         'frequent',
                                                    tar...
                ('fix_perfect', Remove_100(target='inativo')),
                ('clean_names', Clean_Colum_Names()),
                ('feature_select',
                 Advanced_Feature_Selection_Classic(n_jobs=-1,
                                                    random_state=5531,
                                                    subclass='binary',
                                                    target='inativo',
                                                    top_features_to_pick=0.19999999999999996)),
                ('fix_multi', 'passthrough'), ('dfs', 'passthrough'),
                ('pca', 'passthrough'),
                ['trained_model',
                 GradientBoostingClassifier(random_state=5531)]]), probability_threshold=None, encoded_labels=False, raw_score=False, round=4, verbose=True, ml_usecase=MLUsecase.CLASSIFICATION, display=None)
2022-01-29 15:32:40,158:INFO:Checking exceptions
2022-01-29 15:32:40,158:INFO:Preloading libraries
2022-01-29 15:34:07,107:INFO:Initializing load_model()
2022-01-29 15:34:07,107:INFO:load_model(model_name=model, platform=None, authentication=None, verbose=True)
2022-01-29 15:34:13,750:INFO:Initializing load_model()
2022-01-29 15:34:13,752:INFO:load_model(model_name=model, platform=None, authentication=None, verbose=True)
2022-01-29 15:35:13,340:INFO:Initializing load_model()
2022-01-29 15:35:13,340:INFO:load_model(model_name=model, platform=None, authentication=None, verbose=True)
2022-01-29 15:35:21,515:INFO:Initializing load_model()
2022-01-29 15:35:21,515:INFO:load_model(model_name=model, platform=None, authentication=None, verbose=True)
2022-01-29 15:35:32,467:INFO:Initializing load_model()
2022-01-29 15:35:32,469:INFO:load_model(model_name=model, platform=None, authentication=None, verbose=True)
2022-01-29 15:35:32,574:INFO:Initializing predict_model()
2022-01-29 15:35:32,574:INFO:predict_model(estimator=Pipeline(steps=[('dtypes',
                 DataTypes_Auto_infer(ml_usecase='classification',
                                      target='inativo')),
                ('imputer',
                 Simple_Imputer(categorical_strategy='not_available',
                                fill_value_categorical=None,
                                fill_value_numerical=None,
                                numeric_strategy='mean',
                                target_variable=None)),
                ('new_levels1',
                 New_Catagorical_Levels_in_TestData(replacement_strategy='least '
                                                                         'frequent',
                                                    tar...
                ('fix_perfect', Remove_100(target='inativo')),
                ('clean_names', Clean_Colum_Names()),
                ('feature_select',
                 Advanced_Feature_Selection_Classic(n_jobs=-1,
                                                    random_state=5531,
                                                    subclass='binary',
                                                    target='inativo',
                                                    top_features_to_pick=0.19999999999999996)),
                ('fix_multi', 'passthrough'), ('dfs', 'passthrough'),
                ('pca', 'passthrough'),
                ['trained_model',
                 GradientBoostingClassifier(random_state=5531)]]), probability_threshold=None, encoded_labels=False, raw_score=False, round=4, verbose=True, ml_usecase=MLUsecase.CLASSIFICATION, display=None)
2022-01-29 15:35:32,575:INFO:Checking exceptions
2022-01-29 15:35:32,575:INFO:Preloading libraries
